<?xml version="1.0" encoding="UTF-8"?>
<testsuite name="companyservice.ws.controllers.BeneficialOwnerControllerIntegrationTests" tests="2" skipped="0" failures="0" errors="0" timestamp="2018-06-17T21:36:50" hostname="Thrall-Laptop" time="0.84">
  <properties/>
  <testcase name="createBeneficialOwner" classname="companyservice.ws.controllers.BeneficialOwnerControllerIntegrationTests" time="0.744"/>
  <testcase name="getBeneficialOwners" classname="companyservice.ws.controllers.BeneficialOwnerControllerIntegrationTests" time="0.094"/>
  <system-out><![CDATA[2018-06-18 00:36:47.437  INFO 5424 --- [    Test worker] .b.t.c.SpringBootTestContextBootstrapper : Neither @ContextConfiguration nor @ContextHierarchy found for test class [companyservice.ws.controllers.BeneficialOwnerControllerIntegrationTests], using SpringBootContextLoader
2018-06-18 00:36:47.439  INFO 5424 --- [    Test worker] o.s.t.c.support.AbstractContextLoader    : Could not detect default resource locations for test class [companyservice.ws.controllers.BeneficialOwnerControllerIntegrationTests]: no resource found for suffixes {-context.xml, Context.groovy}.
2018-06-18 00:36:47.440  INFO 5424 --- [    Test worker] t.c.s.AnnotationConfigContextLoaderUtils : Could not detect default configuration classes for test class [companyservice.ws.controllers.BeneficialOwnerControllerIntegrationTests]: BeneficialOwnerControllerIntegrationTests does not declare any static, non-private, non-final, nested classes annotated with @Configuration.
2018-06-18 00:36:47.483  INFO 5424 --- [    Test worker] .b.t.c.SpringBootTestContextBootstrapper : Found @SpringBootConfiguration companyservice.CompanyserviceApplication for test class companyservice.ws.controllers.BeneficialOwnerControllerIntegrationTests
2018-06-18 00:36:47.487  INFO 5424 --- [    Test worker] .b.t.c.SpringBootTestContextBootstrapper : Loaded default TestExecutionListener class names from location [META-INF/spring.factories]: [org.springframework.boot.test.autoconfigure.restdocs.RestDocsTestExecutionListener, org.springframework.boot.test.autoconfigure.web.client.MockRestServiceServerResetTestExecutionListener, org.springframework.boot.test.autoconfigure.web.servlet.MockMvcPrintOnlyOnFailureTestExecutionListener, org.springframework.boot.test.autoconfigure.web.servlet.WebDriverTestExecutionListener, org.springframework.boot.test.mock.mockito.MockitoTestExecutionListener, org.springframework.boot.test.mock.mockito.ResetMocksTestExecutionListener, org.springframework.test.context.web.ServletTestExecutionListener, org.springframework.test.context.support.DirtiesContextBeforeModesTestExecutionListener, org.springframework.test.context.support.DependencyInjectionTestExecutionListener, org.springframework.test.context.support.DirtiesContextTestExecutionListener, org.springframework.test.context.transaction.TransactionalTestExecutionListener, org.springframework.test.context.jdbc.SqlScriptsTestExecutionListener]
2018-06-18 00:36:47.488  INFO 5424 --- [    Test worker] .b.t.c.SpringBootTestContextBootstrapper : Using TestExecutionListeners: [org.springframework.test.context.web.ServletTestExecutionListener@4ab4f9a5, org.springframework.test.context.support.DirtiesContextBeforeModesTestExecutionListener@2097d741, org.springframework.boot.test.mock.mockito.MockitoTestExecutionListener@170f4426, org.springframework.boot.test.autoconfigure.SpringBootDependencyInjectionTestExecutionListener@3f773b31, org.springframework.test.context.support.DirtiesContextTestExecutionListener@526394ab, org.springframework.test.context.transaction.TransactionalTestExecutionListener@4cd06c79, org.springframework.test.context.jdbc.SqlScriptsTestExecutionListener@21932fb1, org.springframework.boot.test.autoconfigure.restdocs.RestDocsTestExecutionListener@27bb2601, org.springframework.boot.test.autoconfigure.web.client.MockRestServiceServerResetTestExecutionListener@69332891, org.springframework.boot.test.autoconfigure.web.servlet.MockMvcPrintOnlyOnFailureTestExecutionListener@26cf326a, org.springframework.boot.test.autoconfigure.web.servlet.WebDriverTestExecutionListener@1e197fa5, org.springframework.boot.test.mock.mockito.ResetMocksTestExecutionListener@606cd949]

  .   ____          _            __ _ _
 /\\ / ___'_ __ _ _(_)_ __  __ _ \ \ \ \
( ( )\___ | '_ | '_| | '_ \/ _` | \ \ \ \
 \\/  ___)| |_)| | | | | || (_| |  ) ) ) )
  '  |____| .__|_| |_|_| |_\__, | / / / /
 =========|_|==============|___/=/_/_/_/
 :: Spring Boot ::        (v2.0.3.RELEASE)

2018-06-18 00:36:47.553  INFO 5424 --- [    Test worker] eneficialOwnerControllerIntegrationTests : Starting BeneficialOwnerControllerIntegrationTests on Thrall-Laptop with PID 5424 (started by nick in C:\Users\nick\Development\git\companyservice)
2018-06-18 00:36:47.554  INFO 5424 --- [    Test worker] eneficialOwnerControllerIntegrationTests : No active profile set, falling back to default profiles: default
2018-06-18 00:36:47.561  INFO 5424 --- [    Test worker] o.s.w.c.s.GenericWebApplicationContext   : Refreshing org.springframework.web.context.support.GenericWebApplicationContext@68d117cf: startup date [Mon Jun 18 00:36:47 EEST 2018]; root of context hierarchy
2018-06-18 00:36:48.298  INFO 5424 --- [    Test worker] trationDelegate$BeanPostProcessorChecker : Bean 'org.springframework.transaction.annotation.ProxyTransactionManagementConfiguration' of type [org.springframework.transaction.annotation.ProxyTransactionManagementConfiguration$$EnhancerBySpringCGLIB$$659ddcf1] is not eligible for getting processed by all BeanPostProcessors (for example: not eligible for auto-proxying)
2018-06-18 00:36:48.469  INFO 5424 --- [    Test worker] com.zaxxer.hikari.HikariDataSource       : HikariPool-2 - Starting...
2018-06-18 00:36:48.472  INFO 5424 --- [    Test worker] com.zaxxer.hikari.HikariDataSource       : HikariPool-2 - Start completed.
2018-06-18 00:36:48.524  INFO 5424 --- [    Test worker] j.LocalContainerEntityManagerFactoryBean : Building JPA container EntityManagerFactory for persistence unit 'default'
2018-06-18 00:36:48.525  INFO 5424 --- [    Test worker] o.hibernate.jpa.internal.util.LogHelper  : HHH000204: Processing PersistenceUnitInfo [
	name: default
	...]
2018-06-18 00:36:48.545  INFO 5424 --- [    Test worker] org.hibernate.dialect.Dialect            : HHH000400: Using dialect: org.hibernate.dialect.H2Dialect
2018-06-18 00:36:48.667  INFO 5424 --- [    Test worker] o.h.t.schema.internal.SchemaCreatorImpl  : HHH000476: Executing import script 'org.hibernate.tool.schema.internal.exec.ScriptSourceInputNonExistentImpl@48d97491'
2018-06-18 00:36:48.668  INFO 5424 --- [    Test worker] j.LocalContainerEntityManagerFactoryBean : Initialized JPA EntityManagerFactory for persistence unit 'default'
2018-06-18 00:36:49.260  INFO 5424 --- [    Test worker] o.s.w.s.handler.SimpleUrlHandlerMapping  : Mapped URL path [/**/favicon.ico] onto handler of type [class org.springframework.web.servlet.resource.ResourceHttpRequestHandler]
2018-06-18 00:36:49.605  INFO 5424 --- [    Test worker] s.w.s.m.m.a.RequestMappingHandlerAdapter : Looking for @ControllerAdvice: org.springframework.web.context.support.GenericWebApplicationContext@68d117cf: startup date [Mon Jun 18 00:36:47 EEST 2018]; root of context hierarchy
2018-06-18 00:36:49.622  WARN 5424 --- [    Test worker] aWebConfiguration$JpaWebMvcConfiguration : spring.jpa.open-in-view is enabled by default. Therefore, database queries may be performed during view rendering. Explicitly configure spring.jpa.open-in-view to disable this warning
2018-06-18 00:36:49.653  INFO 5424 --- [    Test worker] s.w.s.m.m.a.RequestMappingHandlerMapping : Mapped "{[/beneficialOwners],methods=[POST]}" onto public org.springframework.http.ResponseEntity<java.lang.Void> companyservice.ws.controllers.BeneficialOwnerController.createBeneficialOwner(companyservice.ws.resources.BeneficialOwnerResource)
2018-06-18 00:36:49.653  INFO 5424 --- [    Test worker] s.w.s.m.m.a.RequestMappingHandlerMapping : Mapped "{[/beneficialOwners],methods=[GET]}" onto public org.springframework.http.ResponseEntity<java.util.List<companyservice.ws.resources.BeneficialOwnerResource>> companyservice.ws.controllers.BeneficialOwnerController.getBeneficialOwners()
2018-06-18 00:36:49.659  INFO 5424 --- [    Test worker] s.w.s.m.m.a.RequestMappingHandlerMapping : Mapped "{[/companies/{id}/beneficialOwners],methods=[POST]}" onto public org.springframework.http.ResponseEntity<java.lang.Void> companyservice.ws.controllers.CompanyController.addBeneficialOwners(java.lang.Long,java.util.Map<java.lang.String, java.util.List<java.lang.Long>>)
2018-06-18 00:36:49.660  INFO 5424 --- [    Test worker] s.w.s.m.m.a.RequestMappingHandlerMapping : Mapped "{[/companies/{id}],methods=[PUT]}" onto public org.springframework.http.ResponseEntity<java.lang.Void> companyservice.ws.controllers.CompanyController.replaceCompany(java.lang.Long,companyservice.ws.resources.CompanyResource)
2018-06-18 00:36:49.661  INFO 5424 --- [    Test worker] s.w.s.m.m.a.RequestMappingHandlerMapping : Mapped "{[/companies/{id}],methods=[GET]}" onto public org.springframework.http.ResponseEntity<companyservice.ws.resources.CompanyResource> companyservice.ws.controllers.CompanyController.getCompany(java.lang.Long)
2018-06-18 00:36:49.664  INFO 5424 --- [    Test worker] s.w.s.m.m.a.RequestMappingHandlerMapping : Mapped "{[/companies],methods=[POST]}" onto public org.springframework.http.ResponseEntity<java.lang.Void> companyservice.ws.controllers.CompanyController.createCompany(companyservice.ws.resources.CompanyResource)
2018-06-18 00:36:49.665  INFO 5424 --- [    Test worker] s.w.s.m.m.a.RequestMappingHandlerMapping : Mapped "{[/companies],methods=[GET]}" onto public org.springframework.http.ResponseEntity<java.util.List<companyservice.ws.resources.CompanyResource>> companyservice.ws.controllers.CompanyController.getCompanies()
2018-06-18 00:36:49.670  INFO 5424 --- [    Test worker] s.w.s.m.m.a.RequestMappingHandlerMapping : Mapped "{[/error]}" onto public org.springframework.http.ResponseEntity<java.util.Map<java.lang.String, java.lang.Object>> org.springframework.boot.autoconfigure.web.servlet.error.BasicErrorController.error(javax.servlet.http.HttpServletRequest)
2018-06-18 00:36:49.672  INFO 5424 --- [    Test worker] s.w.s.m.m.a.RequestMappingHandlerMapping : Mapped "{[/error],produces=[text/html]}" onto public org.springframework.web.servlet.ModelAndView org.springframework.boot.autoconfigure.web.servlet.error.BasicErrorController.errorHtml(javax.servlet.http.HttpServletRequest,javax.servlet.http.HttpServletResponse)
2018-06-18 00:36:49.730  INFO 5424 --- [    Test worker] o.s.w.s.handler.SimpleUrlHandlerMapping  : Mapped URL path [/webjars/**] onto handler of type [class org.springframework.web.servlet.resource.ResourceHttpRequestHandler]
2018-06-18 00:36:49.731  INFO 5424 --- [    Test worker] o.s.w.s.handler.SimpleUrlHandlerMapping  : Mapped URL path [/**] onto handler of type [class org.springframework.web.servlet.resource.ResourceHttpRequestHandler]
2018-06-18 00:36:49.756  INFO 5424 --- [    Test worker] .m.m.a.ExceptionHandlerExceptionResolver : Detected @ExceptionHandler methods in globalExceptionHandler
2018-06-18 00:36:50.244  INFO 5424 --- [    Test worker] o.s.b.t.m.w.SpringBootMockServletContext : Initializing Spring FrameworkServlet ''
2018-06-18 00:36:50.245  INFO 5424 --- [    Test worker] o.s.t.web.servlet.TestDispatcherServlet  : FrameworkServlet '': initialization started
2018-06-18 00:36:50.278  INFO 5424 --- [    Test worker] o.s.t.web.servlet.TestDispatcherServlet  : FrameworkServlet '': initialization completed in 33 ms
2018-06-18 00:36:50.346  INFO 5424 --- [    Test worker] eneficialOwnerControllerIntegrationTests : Started BeneficialOwnerControllerIntegrationTests in 2.852 seconds (JVM running for 16.073)
2018-06-18 00:36:50.436  INFO 5424 --- [    Test worker] o.h.h.i.QueryTranslatorFactoryInitiator  : HHH000397: Using ASTQueryTranslatorFactory

MockHttpServletRequest:
      HTTP Method = POST
      Request URI = /beneficialOwners
       Parameters = {}
          Headers = {Content-Type=[application/json;charset=UTF-8]}
             Body = {"id":null,"firstName":"Thorin","lastName":"Oakenshield"}
    Session Attrs = {}

Handler:
             Type = companyservice.ws.controllers.BeneficialOwnerController
           Method = public org.springframework.http.ResponseEntity<java.lang.Void> companyservice.ws.controllers.BeneficialOwnerController.createBeneficialOwner(companyservice.ws.resources.BeneficialOwnerResource)

Async:
    Async started = false
     Async result = null

Resolved Exception:
             Type = null

ModelAndView:
        View name = null
             View = null
            Model = null

FlashMap:
       Attributes = null

MockHttpServletResponse:
           Status = 204
    Error message = null
          Headers = {}
     Content type = null
             Body = 
    Forwarded URL = null
   Redirected URL = null
          Cookies = []

MockHttpServletRequest:
      HTTP Method = GET
      Request URI = /beneficialOwners
       Parameters = {}
          Headers = {}
             Body = null
    Session Attrs = {}

Handler:
             Type = companyservice.ws.controllers.BeneficialOwnerController
           Method = public org.springframework.http.ResponseEntity<java.util.List<companyservice.ws.resources.BeneficialOwnerResource>> companyservice.ws.controllers.BeneficialOwnerController.getBeneficialOwners()

Async:
    Async started = false
     Async result = null

Resolved Exception:
             Type = null

ModelAndView:
        View name = null
             View = null
            Model = null

FlashMap:
       Attributes = null

MockHttpServletResponse:
           Status = 200
    Error message = null
          Headers = {Content-Type=[application/json;charset=UTF-8]}
     Content type = application/json;charset=UTF-8
             Body = [{"id":7,"firstName":"Thorin","lastName":"Oakenshield"}]
    Forwarded URL = null
   Redirected URL = null
          Cookies = []
]]></system-out>
  <system-err><![CDATA[]]></system-err>
</testsuite>
